# Replica Exchange log file
# numexchg is        200
# REMD filenames:
#   remlog= rem.01.log
#   remtype= rem.type
# Rep#, N_prot, old_pH, new_pH, Success rate (i,i+1)
# exchange        1
     1  99.000  2.000  2.000   0.0000
     2  99.000  2.526  3.053   2.0000
     3  99.000  3.053  2.526   0.0000
     4  99.000  3.579  3.579   0.0000
     5  72.000  4.105  4.105   0.0000
     6  50.000  4.632  5.158   2.0000
     7  50.000  5.158  4.632   0.0000
     8  50.000  5.684  6.211   2.0000
     9  50.000  6.211  5.684   0.0000
    10  37.000  6.737  7.263   2.0000
    11  37.000  7.263  6.737   0.0000
    12  37.000  7.789  8.316   2.0000
    13  37.000  8.316  7.789   0.0000
    14  28.000  8.842  9.368   2.0000
    15  28.000  9.368  8.842   0.0000
    16  28.000  9.895  9.895   0.0000
    17   3.000 10.421 10.421   0.0000
    18   3.000 10.947 11.474   2.0000
    19   3.000 11.474 10.947   0.0000
    20   3.000 12.000 12.000   0.0000
# exchange        2
     1  65.058  2.000  2.000   0.0000
     2  52.665  3.053  3.579   1.0000
     3  64.512  2.526  2.526   1.0000
     4  66.044  3.579  3.053   0.0000
     5  67.033  4.105  4.105   0.0000
     6  65.338  5.158  5.158   0.0000
     7  57.811  4.632  4.632   1.0000
     8  57.778  6.211  6.211   0.0000
     9  63.672  5.684  5.684   1.0000
    10  57.621  7.263  7.263   0.0000
    11  49.078  6.737  6.737   1.0000
    12  57.791  8.316  8.316   0.0000
    13  54.345  7.789  7.789   1.0000
    14  55.699  9.368  9.368   0.0000
    15  51.834  8.842  8.842   1.0000
    16  49.466  9.895  9.895   0.0000
    17  52.093 10.421 10.947   1.0000
    18  52.400 11.474 12.000   1.0000
    19  56.112 10.947 10.421   1.0000
    20  53.891 12.000 11.474   0.0000
# exchange        3
     1  63.257  2.000  2.000   0.0000
     2  51.394  3.579  4.105   0.6667
     3  65.205  2.526  2.526   0.6667
     4  64.053  3.053  3.053   0.6667
     5  67.088  4.105  3.579   0.0000
     6  65.706  5.158  4.632   0.0000
     7  60.032  4.632  5.158   1.3333
     8  57.904  6.211  6.211   0.0000
     9  65.070  5.684  5.684   0.6667
    10  59.812  7.263  6.737   0.0000
    11  52.048  6.737  7.263   1.3333
    12  58.654  8.316  7.789   0.0000
    13  52.539  7.789  8.316   1.3333
    14  53.702  9.368  8.842   0.0000
    15  54.378  8.842  9.368   1.3333
    16  51.424  9.895 10.421   0.6667
    17  50.376 10.947 11.474   1.3333
    18  51.107 12.000 12.000   0.0000
    19  57.114 10.421  9.895   0.6667
    20  52.784 11.474 10.947   0.6667
# exchange        4
     1  61.115  2.000  2.526   0.5000
     2  50.977  4.105  4.632   0.5000
     3  66.109  2.526  2.000   0.5000
     4  66.106  3.053  3.579   1.0000
     5  67.548  3.579  3.053   0.5000
     6  64.810  4.632  4.105   1.0000
     7  63.467  5.158  5.684   0.5000
     8  61.034  6.211  6.211   0.0000
     9  63.874  5.684  5.158   0.5000
    10  59.798  6.737  6.737   1.0000
    11  51.000  7.263  7.789   0.5000
    12  59.158  7.789  7.263   1.0000
    13  55.558  8.316  8.842   0.5000
    14  56.399  8.842  8.316   1.0000
    15  46.136  9.368  9.895   0.5000
    16  49.750 10.421 10.947   1.0000
    17  50.058 11.474 12.000   1.0000
    18  51.723 12.000 11.474   0.0000
    19  57.260  9.895  9.368   0.5000
    20  56.667 10.947 10.421   1.0000
# exchange        5
     1  65.818  2.526  3.053   0.8000
     2  59.061  4.632  5.158   1.2000
     3  71.587  2.000  2.000   0.4000
     4  69.812  3.579  4.105   0.8000
     5  74.841  3.053  2.526   0.8000
     6  71.590  4.105  3.579   0.4000
     7  60.232  5.684  6.211   0.8000
     8  67.364  6.211  5.684   0.0000
     9  69.906  5.158  4.632   0.4000
    10  62.666  6.737  7.263   1.2000
    11  60.525  7.789  7.789   0.8000
    12  64.436  7.263  6.737   0.4000
    13  57.504  8.842  9.368   1.2000
    14  59.929  8.316  8.316   0.4000
    15  58.259  9.895 10.421   0.8000
    16  56.154 10.947 11.474   1.2000
    17  53.374 12.000 12.000   0.0000
    18  57.643 11.474 10.947   0.8000
    19  62.919  9.368  8.842   0.4000
    20  59.019 10.421  9.895   0.8000
# exchange        6
     1  62.060  3.053  3.579   1.0000
     2  48.791  5.158  5.684   0.6667
     3  65.689  2.000  2.526   0.6667
     4  62.125  4.105  4.632   0.6667
     5  69.745  2.526  2.000   0.6667
     6  64.822  3.579  3.053   0.6667
     7  56.157  6.211  6.737   0.3333
     8  60.373  5.684  5.158   0.6667
     9  65.468  4.632  4.105   1.0000
    10  56.672  7.263  7.263   0.3333
    11  52.619  7.789  7.789   0.6667
    12  60.005  6.737  6.211   1.0000
    13  56.740  9.368  9.368   0.3333
    14  53.947  8.316  8.842   0.6667
    15  49.809 10.421 10.947   1.0000
    16  50.793 11.474 12.000   1.0000
    17  50.472 12.000 11.474   0.0000
    18  51.465 10.947 10.421   1.0000
    19  57.786  8.842  8.316   1.0000
    20  52.993  9.895  9.895   0.6667
# exchange        7
     1  63.097  3.579  4.105   0.8571
     2  50.357  5.684  6.211   0.8571
     3  65.351  2.526  3.053   0.8571
     4  62.255  4.632  5.158   1.1429
     5  71.588  2.000  2.000   0.5714
     6  68.378  3.053  2.526   0.8571
     7  57.964  6.737  7.263   1.1429
     8  62.976  5.158  4.632   0.5714
     9  65.928  4.105  3.579   0.5714
    10  60.109  7.263  6.737   0.2857
    11  50.607  7.789  8.316   0.8571
    12  60.428  6.211  5.684   0.2857
    13  54.875  9.368  9.368   0.2857
    14  62.165  8.842  8.842   0.8571
    15  48.768 10.947 11.474   1.1429
    16  49.168 12.000 12.000   0.0000
    17  51.583 11.474 10.947   0.8571
    18  53.829 10.421 10.421   0.8571
    19  58.573  8.316  7.789   0.5714
    20  54.147  9.895  9.895   0.5714
# exchange        8
     1  61.311  4.105  4.632   0.7500
     2  45.757  6.211  6.737   0.5000
     3  64.855  3.053  3.579   1.0000
     4  66.391  5.158  5.158   0.5000
     5  71.583  2.000  2.000   0.5000
     6  66.210  2.526  2.526   0.7500
     7  58.208  7.263  7.263   0.2500
     8  63.755  4.632  4.105   1.0000
     9  68.157  3.579  3.053   0.7500
    10  58.986  6.737  6.211   1.0000
    11  53.877  8.316  8.316   0.5000
    12  60.313  5.684  5.684   0.7500
    13  56.047  9.368  9.368   0.2500
    14  53.361  8.842  8.842   0.7500
    15  48.390 11.474 11.474   0.7500
    16  44.400 12.000 12.000   0.0000
    17  53.807 10.947 10.421   1.0000
    18  53.991 10.421 10.947   1.0000
    19  54.171  7.789  7.789   0.7500
    20  55.427  9.895  9.895   0.5000
# exchange        9
     1  59.352  4.632  5.158   1.1111
     2  54.166  6.737  7.263   1.1111
     3  64.177  3.579  3.579   0.6667
     4  61.076  5.158  4.632   0.4444
     5  70.722  2.000  2.000   0.4444
     6  67.523  2.526  3.053   0.8889
     7  57.605  7.263  6.737   0.2222
     8  62.739  4.105  4.105   0.6667
     9  66.668  3.053  2.526   0.8889
    10  57.277  6.211  6.211   0.4444
    11  50.027  8.316  8.316   0.4444
    12  58.355  5.684  5.684   0.6667
    13  49.792  9.368  9.368   0.2222
    14  58.177  8.842  8.842   0.6667
    15  47.960 11.474 11.474   0.6667
    16  47.318 12.000 12.000   0.0000
    17  52.060 10.421  9.895   0.8889
    18  53.601 10.947 10.947   0.8889
    19  56.500  7.789  7.789   0.6667
    20  51.265  9.895 10.421   0.6667
# exchange       10
     1  59.677  5.158  5.684   0.6000
     2  54.195  7.263  7.789   0.4000
     3  65.076  3.579  3.053   0.6000
     4  61.792  4.632  4.632   1.0000
     5  68.286  2.000  2.526   0.6000
     6  66.791  3.053  3.579   1.0000
     7  58.436  6.737  6.737   1.0000
     8  63.488  4.105  4.105   0.6000
     9  69.543  2.526  2.000   0.8000
    10  59.812  6.211  6.211   0.4000
    11  53.953  8.316  8.842   0.6000
    12  59.793  5.684  5.158   0.6000
    13  57.945  9.368  9.368   0.2000
    14  56.939  8.842  8.316   0.6000
    15  47.456 11.474 12.000   0.8000
    16  47.744 12.000 11.474   0.0000
    17  52.527  9.895  9.895   0.6000
    18  52.605 10.947 10.947   0.8000
    19  54.606  7.789  7.263   0.6000
    20  54.826 10.421 10.421   0.8000
# exchange       11
     1  61.452  5.684  5.684   0.5455
     2  50.686  7.789  8.316   0.7273
     3  62.374  3.053  3.053   0.9091
     4  65.121  4.632  4.632   0.9091
     5  68.690  2.526  2.526   0.7273
     6  65.461  3.579  3.579   0.5455
     7  61.755  6.737  6.737   0.9091
     8  64.302  4.105  4.105   0.5455
     9  70.208  2.000  2.000   0.5455
    10  60.285  6.211  6.211   0.3636
    11  56.520  8.842  8.842   0.5455
    12  63.399  5.158  5.158   0.5455
    13  52.232  9.368  9.368   0.1818
    14  51.293  8.316  7.789   0.5455
    15  45.917 12.000 12.000   0.0000
    16  48.985 11.474 11.474   0.7273
    17  49.602  9.895 10.421   0.7273
    18  54.184 10.947 10.947   0.7273
    19  54.460  7.263  7.263   0.3636
    20  55.692 10.421  9.895   0.7273
# exchange       12
     1  60.718  5.684  5.158   0.5000
     2  53.936  8.316  8.316   0.5000
     3  66.268  3.053  3.053   0.8333
     4  64.818  4.632  4.105   0.8333
     5  67.957  2.526  2.526   0.6667
     6  62.259  3.579  3.579   0.5000
     7  61.382  6.737  6.211   0.8333
     8  64.858  4.105  4.632   0.6667
     9  68.951  2.000  2.000   0.5000
    10  57.381  6.211  6.737   0.5000
    11  50.759  8.842  8.842   0.5000
    12  59.075  5.158  5.684   0.6667
    13  50.717  9.368  9.895   0.3333
    14  58.540  7.789  7.789   0.6667
    15  53.290 12.000 11.474   0.0000
    16  46.839 11.474 12.000   0.8333
    17  50.774 10.421 10.947   0.8333
    18  52.888 10.947 10.421   0.6667
    19  60.675  7.263  7.263   0.3333
    20  52.875  9.895  9.368   0.6667
# exchange       13
     1  57.095  5.158  5.158   0.6154
     2  59.809  8.316  7.789   0.4615
     3  62.391  3.053  3.053   0.7692
     4  63.756  4.105  4.105   0.6154
     5  69.242  2.526  2.526   0.6154
     6  66.600  3.579  3.579   0.4615
     7  58.722  6.211  6.211   0.4615
     8  63.830  4.632  4.632   0.7692
     9  69.148  2.000  2.000   0.4615
    10  55.417  6.737  7.263   0.9231
    11  50.787  8.842  9.368   0.6154
    12  62.025  5.684  5.684   0.4615
    13  57.029  9.895  9.895   0.6154
    14  59.444  7.789  8.316   0.7692
    15  48.014 11.474 11.474   0.7692
    16  50.086 12.000 12.000   0.0000
    17  52.399 10.947 10.947   0.6154
    18  54.608 10.421 10.421   0.7692
    19  59.300  7.263  6.737   0.3077
    20  54.821  9.368  8.842   0.3077
# exchange       14
     1  61.894  5.158  5.158   0.5714
     2  55.308  7.789  7.789   0.7143
     3  61.274  3.053  3.579   0.8571
     4  64.278  4.105  4.105   0.5714
     5  68.999  2.526  2.000   0.5714
     6  65.250  3.579  3.053   0.4286
     7  57.130  6.211  6.211   0.4286
     8  62.448  4.632  4.632   0.7143
     9  68.588  2.000  2.526   0.5714
    10  60.193  7.263  7.263   0.2857
    11  51.543  9.368  9.895   0.4286
    12  59.477  5.684  5.684   0.4286
    13  51.838  9.895  9.368   0.5714
    14  56.672  8.316  8.842   0.5714
    15  48.900 11.474 12.000   0.8571
    16  49.567 12.000 11.474   0.0000
    17  52.424 10.947 10.947   0.5714
    18  54.323 10.421 10.421   0.7143
    19  56.618  6.737  6.737   0.8571
    20  57.223  8.842  8.316   0.5714
# exchange       15
     1  61.670  5.158  5.158   0.5333
     2  49.778  7.789  8.316   0.8000
     3  63.490  3.579  3.579   0.4000
     4  63.045  4.105  4.105   0.5333
     5  69.005  2.000  2.000   0.5333
     6  66.785  3.053  3.053   0.8000
     7  53.208  6.211  6.211   0.4000
     8  62.763  4.632  4.632   0.6667
     9  70.388  2.526  2.526   0.5333
    10  56.940  7.263  7.263   0.2667
    11  50.364  9.895 10.421   0.6667
    12  60.859  5.684  5.684   0.4000
    13  51.719  9.368  9.368   0.4000
    14  58.070  8.842  8.842   0.5333
    15  51.157 12.000 12.000   0.0000
    16  51.875 11.474 11.474   0.8000
    17  52.513 10.947 10.947   0.5333
    18  53.280 10.421  9.895   0.6667
    19  57.886  6.737  6.737   0.8000
    20  56.845  8.316  7.789   0.5333
# exchange       16
     1  62.275  5.158  5.684   0.6250
     2  51.576  8.316  8.842   0.6250
     3  62.265  3.579  3.579   0.3750
     4  61.999  4.105  4.632   0.6250
     5  72.632  2.000  2.000   0.5000
     6  64.162  3.053  3.053   0.7500
     7  56.783  6.211  6.737   0.5000
     8  62.158  4.632  4.105   0.6250
     9  69.546  2.526  2.526   0.5000
    10  55.930  7.263  7.789   0.3750
    11  53.789 10.421 10.421   0.6250
    12  64.589  5.684  5.158   0.3750
    13  54.877  9.368  9.368   0.3750
    14  59.112  8.842  8.316   0.5000
    15  50.553 12.000 11.474   0.0000
    16  46.884 11.474 12.000   0.8750
    17  50.983 10.947 10.947   0.5000
    18  53.300  9.895  9.895   0.6250
    19  61.117  6.737  6.211   0.7500
    20  56.711  7.789  7.263   0.7500
# exchange       17
     1  60.031  5.684  5.684   0.3529
     2  49.214  8.842  9.368   0.5882
     3  65.352  3.579  3.579   0.3529
     4  62.177  4.632  4.632   0.5882
     5  69.839  2.000  2.000   0.4706
     6  64.683  3.053  3.053   0.7059
     7  56.852  6.737  7.263   0.8235
     8  61.609  4.105  4.105   0.5882
     9  69.870  2.526  2.526   0.4706
    10  55.726  7.789  8.316   0.8235
    11  48.819 10.421 10.421   0.5882
    12  59.097  5.158  5.158   0.5882
    13  55.282  9.368  8.842   0.3529
    14  57.178  8.316  7.789   0.5882
    15  50.003 11.474 10.947   0.8235
    16  49.601 12.000 12.000   0.0000
    17  49.718 10.947 11.474   0.5882
    18  54.457  9.895  9.895   0.5882
    19  55.698  6.211  6.211   0.4706
    20  58.303  7.263  6.737   0.3529
# exchange       18
     1  60.891  5.684  5.158   0.3333
     2  51.009  9.368  9.895   0.4444
     3  62.106  3.579  3.579   0.3333
     4  64.454  4.632  4.105   0.5556
     5  69.511  2.000  2.000   0.4444
     6  65.268  3.053  3.053   0.6667
     7  57.006  7.263  7.263   0.3333
     8  63.691  4.105  4.632   0.6667
     9  67.527  2.526  2.526   0.4444
    10  53.158  8.316  8.842   0.6667
    11  49.328 10.421 10.947   0.6667
    12  60.569  5.158  5.684   0.6667
    13  53.106  8.842  8.316   0.5556
    14  52.138  7.789  7.789   0.7778
    15  54.403 10.947 10.421   0.5556
    16  50.086 12.000 12.000   0.0000
    17  50.418 11.474 11.474   0.7778
    18  52.961  9.895  9.368   0.5556
    19  58.642  6.211  6.737   0.5556
    20  58.939  6.737  6.211   0.7778
# exchange       19
     1  64.758  5.158  4.632   0.6316
     2  57.825  9.895  9.895   0.5263
     3  62.182  3.579  4.105   0.4211
     4  64.280  4.105  3.579   0.6316
     5  69.754  2.000  2.000   0.4211
     6  64.484  3.053  3.053   0.6316
     7  59.294  7.263  6.737   0.3158
     8  61.107  4.632  5.158   0.6316
     9  67.999  2.526  2.526   0.4211
    10  54.094  8.842  8.842   0.5263
    11  47.989 10.947 11.474   0.6316
    12  60.851  5.684  5.684   0.3158
    13  51.063  8.316  8.316   0.6316
    14  58.662  7.789  7.789   0.7368
    15  46.162 10.421 10.421   0.6316
    16  49.513 12.000 12.000   0.0000
    17  51.387 11.474 10.947   0.7368
    18  53.695  9.368  9.368   0.4211
    19  56.379  6.737  7.263   0.8421
    20  54.374  6.211  6.211   0.5263
# exchange       20
     1  63.374  4.632  4.105   0.6000
     2  51.129  9.895  9.895   0.5000
     3  63.018  4.105  4.632   0.7000
     4  62.939  3.579  3.579   0.4000
     5  70.581  2.000  2.526   0.5000
     6  64.743  3.053  3.053   0.6000
     7  60.259  6.737  6.211   0.8000
     8  60.857  5.158  5.684   0.7000
     9  69.189  2.526  2.000   0.4000
    10  54.050  8.842  8.316   0.5000
    11  44.853 11.474 12.000   0.8000
    12  61.431  5.684  5.158   0.3000
    13  55.759  8.316  8.842   0.7000
    14  56.919  7.789  7.263   0.7000
    15  52.194 10.421 10.421   0.6000
    16  47.719 12.000 11.474   0.0000
    17  50.179 10.947 10.947   0.6000
    18  55.452  9.368  9.368   0.4000
    19  57.088  7.263  7.789   0.4000
    20  54.947  6.211  6.737   0.6000
# exchange       21
     1  60.978  4.105  4.105   0.6667
     2  52.477  9.895 10.421   0.5714
     3  62.726  4.632  4.632   0.5714
     4  66.179  3.579  3.579   0.3810
     5  70.422  2.526  2.526   0.3810
     6  64.524  3.053  3.053   0.5714
     7  60.777  6.211  6.211   0.5714
     8  62.846  5.684  5.684   0.2857
     9  70.642  2.000  2.000   0.4762
    10  54.264  8.316  8.316   0.6667
    11  41.803 12.000 12.000   0.0000
    12  61.616  5.158  5.158   0.6667
    13  52.281  8.842  9.368   0.5714
    14  53.915  7.263  6.737   0.3810
    15  50.707 10.421  9.895   0.5714
    16  47.791 11.474 11.474   0.7619
    17  52.307 10.947 10.947   0.5714
    18  54.727  9.368  8.842   0.3810
    19  57.502  7.789  7.789   0.6667
    20  54.858  6.737  7.263   0.8571
# exchange       22
     1  62.940  4.105  4.632   0.7273
     2  53.655 10.421 10.421   0.5455
     3  63.020  4.632  4.105   0.5455
     4  61.161  3.579  3.579   0.3636
     5  69.301  2.526  2.000   0.3636
     6  66.842  3.053  3.053   0.5455
     7  59.890  6.211  6.211   0.5455
     8  60.373  5.684  5.158   0.2727
     9  68.126  2.000  2.526   0.5455
    10  53.569  8.316  8.842   0.7273
    11  48.577 12.000 11.474   0.0000
    12  61.771  5.158  5.684   0.7273
    13  54.867  9.368  9.368   0.3636
    14  52.349  6.737  6.737   0.8182
    15  52.669  9.895  9.895   0.5455
    16  48.426 11.474 12.000   0.8182
    17  51.190 10.947 10.947   0.5455
    18  56.200  8.842  8.316   0.5455
    19  57.488  7.789  7.263   0.6364
    20  56.731  7.263  7.789   0.4545
# exchange       23
     1  60.089  4.632  5.158   0.6087
     2  54.418 10.421  9.895   0.5217
     3  63.513  4.105  3.579   0.6957
     4  63.034  3.579  4.105   0.4348
     5  69.696  2.000  2.000   0.5217
     6  65.323  3.053  3.053   0.5217
     7  58.635  6.211  6.211   0.5217
     8  61.968  5.158  4.632   0.6957
     9  67.401  2.526  2.526   0.3478
    10  52.734  8.842  8.842   0.5217
    11  46.934 11.474 11.474   0.7826
    12  61.463  5.684  5.684   0.2609
    13  50.955  9.368  9.368   0.3478
    14  56.084  6.737  7.263   0.8696
    15  50.889  9.895 10.421   0.6087
    16  49.071 12.000 12.000   0.0000
    17  52.690 10.947 10.947   0.5217
    18  58.870  8.316  7.789   0.6957
    19  56.337  7.263  6.737   0.4348
    20  56.391  7.789  8.316   0.6957
# exchange       24
     1  61.186  5.158  5.158   0.6667
     2  49.101  9.895  9.895   0.5833
     3  61.255  3.579  3.579   0.4167
     4  61.286  4.105  4.105   0.6667
     5  69.050  2.000  2.000   0.5000
     6  66.273  3.053  3.053   0.5000
     7  58.029  6.211  6.737   0.5833
     8  60.198  4.632  4.632   0.5833
     9  68.229  2.526  2.526   0.3333
    10  52.153  8.842  8.842   0.5000
    11  52.261 11.474 11.474   0.7500
    12  60.090  5.684  5.684   0.2500
    13  51.488  9.368  9.368   0.3333
    14  51.080  7.263  7.789   0.5000
    15  53.557 10.421 10.421   0.5000
    16  50.103 12.000 12.000   0.0000
    17  51.161 10.947 10.947   0.5000
    18  56.344  7.789  7.263   0.6667
    19  59.639  6.737  6.211   0.8333
    20  53.235  8.316  8.316   0.6667
# exchange       25
     1  59.334  5.158  5.158   0.6400
     2  57.141  9.895  9.895   0.5600
     3  62.088  3.579  3.579   0.4000
     4  60.088  4.105  4.105   0.6400
     5  69.922  2.000  2.000   0.4800
     6  66.269  3.053  3.053   0.4800
     7  59.697  6.737  6.737   0.8000
     8  64.388  4.632  4.632   0.5600
     9  69.328  2.526  2.526   0.3200
    10  54.860  8.842  8.842   0.4800
    11  52.505 11.474 11.474   0.7200
    12  59.808  5.684  5.684   0.2400
    13  51.397  9.368  9.368   0.3200
    14  55.790  7.789  8.316   0.7200
    15  46.327 10.421 10.421   0.4800
    16  48.361 12.000 12.000   0.0000
    17  53.817 10.947 10.947   0.4800
    18  58.993  7.263  7.263   0.4800
    19  54.876  6.211  6.211   0.5600
    20  58.063  8.316  7.789   0.6400
# exchange       26
     1  57.712  5.158  5.684   0.6923
     2  57.418  9.895  9.368   0.5385
     3  64.203  3.579  3.579   0.3846
     4  63.370  4.105  4.632   0.6923
     5  70.396  2.000  2.000   0.4615
     6  67.294  3.053  3.053   0.4615
     7  60.951  6.737  6.211   0.7692
     8  63.138  4.632  4.105   0.5385
     9  68.648  2.526  2.526   0.3077
    10  54.541  8.842  8.316   0.4615
    11  50.696 11.474 11.474   0.6923
    12  60.004  5.684  5.158   0.2308
    13  51.456  9.368  9.895   0.3846
    14  53.313  8.316  8.842   0.6923
    15  49.481 10.421 10.947   0.5385
    16  44.731 12.000 12.000   0.0000
    17  50.005 10.947 10.421   0.4615
    18  56.738  7.263  7.789   0.5385
    19  57.805  6.211  6.737   0.6154
    20  56.120  7.789  7.263   0.6923
# exchange       27
     1  62.458  5.684  5.684   0.2222
     2  54.913  9.368  8.842   0.3704
     3  64.826  3.579  3.579   0.3704
     4  63.745  4.632  4.632   0.5185
