# Replica Exchange log file
# numexchg is        200
# REMD filenames:
#   remlog= rem.00.log
#   remtype= rem.type
# Rep#, N_prot, old_pH, new_pH, Success rate (i,i+1)
# exchange        1
     1  99.000  2.000  2.000   0.0000
     2  99.000  2.526  3.053   2.0000
     3  99.000  3.053  2.526   0.0000
     4  99.000  3.579  3.579   0.0000
     5  72.000  4.105  4.105   0.0000
     6  50.000  4.632  5.158   2.0000
     7  50.000  5.158  4.632   0.0000
     8  50.000  5.684  6.211   2.0000
     9  50.000  6.211  5.684   0.0000
    10  37.000  6.737  7.263   2.0000
    11  37.000  7.263  6.737   0.0000
    12  37.000  7.789  8.316   2.0000
    13  37.000  8.316  7.789   0.0000
    14  28.000  8.842  9.368   2.0000
    15  28.000  9.368  8.842   0.0000
    16  28.000  9.895  9.895   0.0000
    17   3.000 10.421 10.421   0.0000
    18   3.000 10.947 11.474   2.0000
    19   3.000 11.474 10.947   0.0000
    20   3.000 12.000 12.000   0.0000
# exchange        2
     1  78.186  2.000  2.000   0.0000
     2  67.280  3.053  3.053   0.0000
     3  73.687  2.526  2.526   1.0000
     4  55.433  3.579  3.579   0.0000
     5  54.771  4.105  4.632   1.0000
     6  47.726  5.158  5.158   0.0000
     7  53.124  4.632  4.105   1.0000
     8  43.224  6.211  6.211   0.0000
     9  46.126  5.684  5.684   1.0000
    10  40.204  7.263  7.789   1.0000
    11  42.193  6.737  6.737   1.0000
    12  39.198  8.316  8.316   0.0000
    13  40.734  7.789  7.263   1.0000
    14  37.109  9.368  9.895   1.0000
    15  36.333  8.842  8.842   1.0000
    16  36.347  9.895  9.368   0.0000
    17  34.619 10.421 10.947   1.0000
    18  34.127 11.474 11.474   0.0000
    19  35.267 10.947 10.421   1.0000
    20  30.545 12.000 12.000   0.0000
# exchange        3
     1  77.336  2.000  2.000   0.0000
     2  67.360  3.053  3.053   0.0000
     3  75.243  2.526  2.526   0.6667
     4  60.733  3.579  3.579   0.0000
     5  52.715  4.632  4.632   0.6667
     6  47.320  5.158  5.158   0.0000
     7  54.145  4.105  4.105   0.6667
     8  41.631  6.211  6.211   0.0000
     9  47.220  5.684  5.684   0.6667
    10  41.081  7.789  7.789   0.6667
    11  43.875  6.737  6.737   0.6667
    12  37.865  8.316  8.316   0.0000
    13  39.312  7.263  7.263   0.6667
    14  36.690  9.895  9.895   0.0000
    15  39.622  8.842  8.842   0.6667
    16  37.749  9.368  9.368   0.6667
    17  35.720 10.947 11.474   1.3333
    18  36.118 11.474 10.947   0.0000
    19  36.386 10.421 10.421   0.6667
    20  33.271 12.000 12.000   0.0000
# exchange        4
     1  76.647  2.000  2.526   0.5000
     2  68.075  3.053  3.053   0.0000
     3  76.828  2.526  2.000   0.5000
     4  66.673  3.579  3.579   0.0000
     5  51.118  4.632  4.632   0.5000
     6  48.750  5.158  5.158   0.0000
     7  56.422  4.105  4.105   0.5000
     8  45.960  6.211  6.211   0.0000
     9  45.831  5.684  5.684   0.5000
    10  41.258  7.789  7.789   0.5000
    11  42.928  6.737  6.737   0.5000
    12  39.640  8.316  8.316   0.0000
    13  43.122  7.263  7.263   0.5000
    14  37.642  9.895  9.368   0.0000
    15  37.936  8.842  8.842   0.5000
    16  37.801  9.368  9.895   1.0000
    17  34.008 11.474 11.474   0.0000
    18  35.451 10.947 10.947   1.0000
    19  36.311 10.421 10.421   0.5000
    20  32.339 12.000 12.000   0.0000
# exchange        5
     1  81.640  2.526  2.526   0.4000
     2  67.953  3.053  3.053   0.0000
     3  84.806  2.000  2.000   0.4000
     4  65.937  3.579  3.579   0.0000
     5  58.377  4.632  4.632   0.4000
     6  54.406  5.158  5.158   0.0000
     7  60.081  4.105  4.105   0.4000
     8  47.211  6.211  6.211   0.0000
     9  49.160  5.684  5.684   0.4000
    10  45.511  7.789  8.316   0.8000
    11  46.219  6.737  6.737   0.4000
    12  44.730  8.316  7.789   0.0000
    13  44.806  7.263  7.263   0.4000
    14  41.713  9.368  9.368   0.8000
    15  43.924  8.842  8.842   0.4000
    16  42.218  9.895 10.421   0.4000
    17  39.753 11.474 11.474   0.0000
    18  40.992 10.947 10.947   0.8000
    19  42.182 10.421  9.895   0.4000
    20  39.064 12.000 12.000   0.0000
# exchange        6
     1  73.458  2.526  2.526   0.3333
     2  70.200  3.053  3.053   0.0000
     3  80.005  2.000  2.000   0.3333
     4  61.685  3.579  3.579   0.0000
     5  51.178  4.632  4.632   0.3333
     6  49.995  5.158  5.684   0.3333
     7  55.040  4.105  4.105   0.3333
     8  46.255  6.211  6.211   0.0000
     9  48.182  5.684  5.158   0.3333
    10  38.360  8.316  8.842   0.3333
    11  40.167  6.737  6.737   0.3333
    12  37.737  7.789  7.789   0.6667
    13  42.477  7.263  7.263   0.3333
    14  37.873  9.368  9.368   0.6667
    15  38.884  8.842  8.316   0.3333
    16  36.973 10.421 10.947   0.6667
    17  33.564 11.474 12.000   0.3333
    18  36.782 10.947 10.421   0.6667
    19  36.182  9.895  9.895   0.3333
    20  34.280 12.000 11.474   0.0000
# exchange        7
     1  74.751  2.526  2.526   0.2857
     2  73.310  3.053  3.053   0.0000
     3  79.344  2.000  2.000   0.2857
     4  65.029  3.579  3.579   0.0000
     5  51.515  4.632  4.632   0.2857
     6  49.798  5.684  5.684   0.2857
     7  58.468  4.105  4.105   0.2857
     8  45.394  6.211  6.211   0.0000
     9  48.352  5.158  5.158   0.2857
    10  38.938  8.842  8.842   0.2857
    11  42.444  6.737  6.737   0.2857
    12  40.095  7.789  7.789   0.5714
    13  41.436  7.263  7.263   0.2857
    14  37.161  9.368  9.368   0.5714
    15  38.736  8.316  8.316   0.2857
    16  37.918 10.947 10.947   0.5714
    17  31.565 12.000 12.000   0.0000
    18  36.786 10.421  9.895   0.5714
    19  37.688  9.895 10.421   0.5714
    20  35.553 11.474 11.474   0.2857
# exchange        8
     1  79.304  2.526  2.000   0.2500
     2  68.559  3.053  3.053   0.0000
     3  81.809  2.000  2.526   0.5000
     4  61.567  3.579  3.579   0.0000
     5  51.339  4.632  4.632   0.2500
     6  47.632  5.684  5.158   0.2500
     7  58.617  4.105  4.105   0.2500
     8  42.700  6.211  6.737   0.2500
     9  46.972  5.158  5.684   0.5000
    10  38.250  8.842  8.842   0.2500
    11  43.499  6.737  6.211   0.2500
    12  39.499  7.789  7.263   0.5000
    13  39.886  7.263  7.789   0.5000
    14  36.605  9.368  9.895   0.7500
    15  40.104  8.316  8.316   0.2500
    16  37.583 10.947 10.421   0.5000
    17  32.311 12.000 12.000   0.0000
    18  37.191  9.895  9.368   0.5000
    19  37.713 10.421 10.947   0.7500
    20  36.665 11.474 11.474   0.2500
# exchange        9
     1  82.141  2.000  2.000   0.4444
     2  67.701  3.053  3.053   0.0000
     3  79.092  2.526  2.526   0.2222
     4  65.053  3.579  3.579   0.0000
     5  52.854  4.632  4.632   0.2222
     6  50.249  5.158  5.158   0.4444
     7  56.545  4.105  4.105   0.2222
     8  43.686  6.737  6.737   0.2222
     9  47.077  5.684  5.684   0.2222
    10  38.945  8.842  9.368   0.4444
    11  45.160  6.211  6.211   0.2222
    12  41.055  7.263  7.263   0.4444
    13  39.247  7.789  7.789   0.4444
    14  37.246  9.895  9.895   0.4444
    15  38.127  8.316  8.316   0.2222
    16  36.975 10.421 10.421   0.6667
    17  34.314 12.000 12.000   0.0000
    18  37.288  9.368  8.842   0.6667
    19  36.509 10.947 10.947   0.4444
    20  34.398 11.474 11.474   0.2222
# exchange       10
     1  80.144  2.000  2.000   0.4000
     2  68.491  3.053  3.053   0.0000
     3  77.346  2.526  2.526   0.2000
     4  63.849  3.579  3.579   0.0000
     5  56.451  4.632  4.105   0.2000
     6  49.500  5.158  5.158   0.4000
     7  50.848  4.105  4.632   0.4000
     8  40.222  6.737  6.737   0.2000
     9  47.223  5.684  5.684   0.2000
    10  38.597  9.368  9.368   0.6000
    11  43.250  6.211  6.211   0.2000
    12  40.888  7.263  7.789   0.6000
    13  39.526  7.789  7.263   0.4000
    14  36.849  9.895  9.895   0.4000
    15  39.402  8.316  8.316   0.2000
    16  37.368 10.421 10.421   0.6000
    17  33.670 12.000 12.000   0.0000
    18  37.548  8.842  8.842   0.4000
    19  36.821 10.947 10.947   0.4000
    20  36.093 11.474 11.474   0.2000
# exchange       11
     1  75.923  2.000  2.000   0.3636
     2  69.069  3.053  3.053   0.0000
     3  77.293  2.526  2.526   0.1818
     4  64.874  3.579  3.579   0.0000
     5  59.428  4.105  4.105   0.3636
     6  48.285  5.158  5.158   0.3636
     7  52.569  4.632  4.632   0.1818
     8  43.179  6.737  6.737   0.1818
     9  45.410  5.684  6.211   0.3636
    10  38.393  9.368  8.842   0.5455
    11  44.347  6.211  5.684   0.1818
    12  39.324  7.789  7.789   0.3636
    13  40.399  7.263  7.263   0.5455
    14  37.060  9.895 10.421   0.5455
    15  38.152  8.316  8.316   0.1818
    16  37.684 10.421  9.895   0.5455
    17  34.762 12.000 12.000   0.0000
    18  37.755  8.842  9.368   0.5455
    19  36.699 10.947 11.474   0.5455
    20  36.138 11.474 10.947   0.1818
# exchange       12
     1  78.133  2.000  2.526   0.5000
     2  71.681  3.053  3.053   0.0000
     3  78.599  2.526  2.000   0.1667
     4  61.546  3.579  3.579   0.0000
     5  58.806  4.105  4.105   0.3333
     6  49.690  5.158  5.158   0.3333
     7  52.762  4.632  4.632   0.1667
     8  44.212  6.737  6.737   0.1667
     9  45.675  6.211  6.211   0.1667
    10  38.974  8.842  8.316   0.5000
    11  45.184  5.684  5.684   0.3333
    12  39.760  7.789  7.789   0.3333
    13  42.941  7.263  7.263   0.5000
    14  36.478 10.421 10.947   0.6667
    15  38.988  8.316  8.842   0.3333
    16  36.701  9.895  9.368   0.5000
    17  33.051 12.000 12.000   0.0000
    18  37.235  9.368  9.895   0.6667
    19  36.065 11.474 11.474   0.1667
    20  37.082 10.947 10.421   0.5000
# exchange       13
     1  74.070  2.526  2.526   0.1538
     2  72.633  3.053  3.053   0.0000
     3  84.594  2.000  2.000   0.4615
     4  66.552  3.579  3.579   0.0000
     5  59.308  4.105  4.105   0.3077
     6  49.103  5.158  5.158   0.3077
     7  50.526  4.632  4.632   0.1538
     8  44.232  6.737  6.737   0.1538
     9  44.419  6.211  6.211   0.1538
    10  39.018  8.316  8.316   0.3077
    11  46.595  5.684  5.684   0.3077
    12  39.742  7.789  7.789   0.3077
    13  40.046  7.263  7.263   0.4615
    14  36.155 10.947 11.474   0.6154
    15  38.322  8.842  8.842   0.4615
    16  36.486  9.368  9.368   0.6154
    17  32.263 12.000 12.000   0.0000
    18  36.590  9.895 10.421   0.6154
    19  36.031 11.474 10.947   0.1538
    20  36.514 10.421  9.895   0.6154
# exchange       14
     1  75.929  2.526  2.526   0.1429
     2  67.950  3.053  3.053   0.0000
     3  80.891  2.000  2.000   0.4286
     4  66.218  3.579  3.579   0.0000
     5  59.404  4.105  4.105   0.2857
     6  46.360  5.158  5.684   0.4286
     7  51.323  4.632  4.632   0.1429
     8  41.593  6.737  6.737   0.1429
     9  42.014  6.211  6.211   0.1429
    10  37.554  8.316  8.842   0.4286
    11  45.017  5.684  5.158   0.2857
    12  40.671  7.789  7.263   0.2857
    13  40.113  7.263  7.789   0.5714
    14  35.550 11.474 11.474   0.1429
    15  38.303  8.842  8.316   0.4286
    16  37.519  9.368  9.368   0.5714
    17  33.983 12.000 12.000   0.0000
    18  35.816 10.421 10.947   0.7143
    19  36.374 10.947 10.421   0.5714
    20  36.783  9.895  9.895   0.5714
# exchange       15
     1  73.230  2.526  3.053   0.2667
     2  73.578  3.053  2.526   0.0000
     3  83.463  2.000  2.000   0.4000
     4  63.658  3.579  4.105   0.1333
     5  61.881  4.105  3.579   0.2667
     6  45.912  5.684  5.684   0.2667
     7  53.552  4.632  4.632   0.1333
     8  43.176  6.737  6.737   0.1333
     9  44.528  6.211  6.211   0.1333
    10  39.199  8.842  8.842   0.4000
    11  44.982  5.158  5.158   0.4000
    12  38.931  7.263  7.263   0.5333
    13  38.614  7.789  8.316   0.4000
    14  36.565 11.474 10.947   0.1333
    15  38.537  8.316  7.789   0.4000
    16  36.675  9.368  9.368   0.5333
    17  34.513 12.000 12.000   0.0000
    18  35.997 10.947 11.474   0.6667
    19  37.300 10.421  9.895   0.6667
    20  36.748  9.895 10.421   0.6667
# exchange       16
     1  72.006  3.053  3.053   0.0000
     2  78.047  2.526  2.526   0.2500
     3  82.546  2.000  2.000   0.3750
     4  55.086  4.105  4.105   0.2500
     5  63.748  3.579  3.579   0.1250
     6  47.012  5.684  5.158   0.2500
     7  51.468  4.632  4.632   0.1250
     8  43.610  6.737  6.211   0.1250
     9  43.526  6.211  6.737   0.2500
    10  39.490  8.842  8.316   0.3750
    11  46.885  5.158  5.684   0.5000
    12  39.190  7.263  7.789   0.6250
    13  38.883  8.316  8.842   0.5000
    14  35.776 10.947 10.947   0.6250
    15  41.140  7.789  7.263   0.3750
    16  36.493  9.368  9.895   0.6250
    17  34.015 12.000 11.474   0.0000
    18  34.764 11.474 12.000   0.2500
    19  37.313  9.895  9.368   0.6250
    20  36.982 10.421 10.421   0.6250
# exchange       17
     1  69.991  3.053  3.053   0.0000
     2  79.756  2.526  2.526   0.2353
     3  79.625  2.000  2.000   0.3529
     4  57.416  4.105  4.105   0.2353
     5  64.750  3.579  3.579   0.1176
     6  48.663  5.158  5.158   0.4706
     7  52.882  4.632  4.632   0.1176
     8  45.364  6.211  5.684   0.2353
     9  44.474  6.737  6.737   0.1176
    10  38.766  8.316  7.789   0.4706
    11  45.060  5.684  6.211   0.3529
    12  38.825  7.789  8.316   0.4706
    13  38.663  8.842  8.842   0.3529
    14  36.434 10.947 10.947   0.5882
    15  40.673  7.263  7.263   0.5882
    16  36.218  9.895 10.421   0.7059
    17  34.634 11.474 11.474   0.2353
    18  34.126 12.000 12.000   0.0000
    19  36.543  9.368  9.368   0.5882
    20  36.913 10.421  9.895   0.5882
# exchange       18
     1  67.427  3.053  3.053   0.0000
     2  78.280  2.526  2.526   0.2222
     3  82.530  2.000  2.000   0.3333
     4  58.540  4.105  4.105   0.2222
     5  60.511  3.579  3.579   0.1111
     6  48.631  5.158  5.158   0.4444
     7  54.570  4.632  4.632   0.1111
     8  47.301  5.684  5.684   0.3333
     9  44.065  6.737  6.211   0.1111
    10  39.887  7.789  7.789   0.4444
    11  42.633  6.211  6.737   0.3333
    12  38.270  8.316  8.842   0.5556
    13  38.485  8.842  8.316   0.3333
    14  35.232 10.947 10.947   0.5556
    15  40.917  7.263  7.263   0.5556
    16  36.798 10.421 10.421   0.5556
    17  34.868 11.474 11.474   0.2222
    18  34.411 12.000 12.000   0.0000
    19  36.948  9.368  9.368   0.5556
    20  36.322  9.895  9.895   0.6667
# exchange       19
     1  68.357  3.053  3.053   0.0000
     2  80.737  2.526  2.526   0.2105
     3  87.273  2.000  2.000   0.3158
     4  59.340  4.105  4.105   0.2105
     5  62.577  3.579  3.579   0.1053
     6  50.533  5.158  5.158   0.4211
     7  53.788  4.632  4.632   0.1053
     8  47.600  5.684  5.684   0.3158
     9  43.937  6.211  6.211   0.3158
    10  40.192  7.789  8.316   0.5263
    11  44.707  6.737  6.737   0.1053
    12  39.177  8.842  9.368   0.4211
    13  39.839  8.316  7.789   0.5263
    14  36.554 10.947 11.474   0.6316
    15  39.441  7.263  7.263   0.5263
    16  36.046 10.421  9.895   0.5263
    17  35.941 11.474 10.947   0.2105
    18  34.780 12.000 12.000   0.0000
    19  37.671  9.368  8.842   0.5263
    20  36.640  9.895 10.421   0.7368
# exchange       20
     1  67.517  3.053  3.053   0.0000
     2  74.122  2.526  2.526   0.2000
     3  82.953  2.000  2.000   0.3000
     4  58.951  4.105  4.105   0.2000
     5  64.889  3.579  3.579   0.1000
     6  49.660  5.158  5.684   0.5000
     7  52.918  4.632  4.632   0.1000
     8  47.013  5.684  5.158   0.3000
     9  47.130  6.211  6.211   0.3000
    10  39.225  8.316  8.316   0.5000
    11  41.737  6.737  6.737   0.1000
    12  38.137  9.368  9.368   0.5000
    13  39.686  7.789  7.789   0.5000
    14  35.877 11.474 11.474   0.2000
    15  42.735  7.263  7.263   0.5000
    16  37.069  9.895  9.895   0.7000
    17  36.036 10.947 10.947   0.6000
    18  33.545 12.000 12.000   0.0000
    19  37.762  8.842  8.842   0.4000
    20  37.139 10.421 10.421   0.5000
# exchange       21
     1  71.080  3.053  3.053   0.0000
     2  79.401  2.526  2.526   0.1905
     3  79.922  2.000  2.000   0.2857
     4  59.857  4.105  3.579   0.1905
     5  60.950  3.579  4.105   0.1905
     6  46.343  5.684  6.211   0.3810
     7  54.580  4.632  4.632   0.0952
     8  49.583  5.158  5.158   0.4762
     9  46.465  6.211  5.684   0.2857
    10  37.923  8.316  8.316   0.4762
    11  43.473  6.737  6.737   0.0952
    12  38.230  9.368  8.842   0.4762
    13  40.543  7.789  7.789   0.4762
    14  36.243 11.474 10.947   0.1905
    15  40.145  7.263  7.263   0.4762
    16  37.290  9.895  9.895   0.6667
    17  36.327 10.947 11.474   0.6667
    18  33.973 12.000 12.000   0.0000
    19  36.921  8.842  9.368   0.4762
    20  36.549 10.421 10.421   0.4762
# exchange       22
     1  70.610  3.053  3.053   0.0000
     2  74.081  2.526  2.526   0.1818
     3  84.619  2.000  2.000   0.2727
     4  58.860  3.579  3.579   0.1818
     5  57.502  4.105  4.105   0.1818
     6  45.858  6.211  6.211   0.2727
     7  49.831  4.632  4.632   0.0909
     8  48.964  5.158  5.158   0.4545
     9  48.469  5.684  5.684   0.3636
    10  39.458  8.316  8.842   0.5455
    11  41.458  6.737  6.737   0.0909
    12  39.541  8.842  8.316   0.4545
    13  38.359  7.789  7.263   0.4545
    14  35.743 10.947 10.421   0.6364
    15  39.251  7.263  7.789   0.5455
    16  36.579  9.895  9.368   0.6364
    17  36.201 11.474 11.474   0.1818
    18  35.294 12.000 12.000   0.0000
    19  37.580  9.368  9.895   0.5455
    20  35.854 10.421 10.947   0.5455
# exchange       23
     1  65.832  3.053  3.053   0.0000
     2  71.651  2.526  2.526   0.1739
     3  83.207  2.000  2.000   0.2609
     4  59.474  3.579  4.105   0.2609
     5  60.132  4.105  3.579   0.1739
     6  46.800  6.211  6.211   0.2609
     7  52.682  4.632  4.632   0.0870
     8  47.915  5.158  5.158   0.4348
     9  47.655  5.684  5.684   0.3478
    10  38.497  8.842  8.842   0.4348
    11  42.033  6.737  6.737   0.0870
    12  39.375  8.316  8.316   0.5217
    13  40.948  7.263  7.263   0.5217
    14  36.471 10.421  9.895   0.5217
    15  41.752  7.789  7.789   0.4348
    16  37.531  9.368  9.368   0.5217
    17  36.591 11.474 10.947   0.1739
    18  33.665 12.000 12.000   0.0000
    19  36.822  9.895 10.421   0.6957
    20  36.496 10.947 11.474   0.6957
# exchange       24
     1  67.369  3.053  3.053   0.0000
     2  76.848  2.526  2.526   0.1667
     3  81.324  2.000  2.000   0.2500
     4  61.502  4.105  4.105   0.1667
     5  62.162  3.579  3.579   0.2500
     6  43.071  6.211  6.737   0.3333
     7  51.417  4.632  4.632   0.0833
     8  47.876  5.158  5.158   0.4167
     9  46.551  5.684  5.684   0.3333
    10  37.645  8.842  8.316   0.4167
    11  45.469  6.737  6.211   0.0833
    12  38.358  8.316  8.842   0.5833
    13  39.865  7.263  7.789   0.5833
    14  36.127  9.895  9.895   0.6667
    15  40.320  7.789  7.263   0.4167
    16  37.098  9.368  9.368   0.5000
    17  36.141 10.947 10.421   0.6667
    18  33.930 12.000 12.000   0.0000
    19  35.865 10.421 10.947   0.5833
    20  36.384 11.474 11.474   0.1667
# exchange       25
     1  68.378  3.053  3.053   0.0000
     2  77.323  2.526  2.526   0.1600
     3  80.157  2.000  2.000   0.2400
     4  55.143  4.105  4.105   0.1600
     5  66.828  3.579  3.579   0.2400
     6  42.612  6.737  6.737   0.0800
     7  54.469  4.632  4.632   0.0800
     8  48.911  5.158  5.158   0.4000
     9  45.982  5.684  5.684   0.3200
    10  39.337  8.316  8.316   0.5600
    11  42.824  6.211  6.211   0.3200
    12  38.123  8.842  9.368   0.4800
    13  40.530  7.789  7.789   0.4000
    14  36.666  9.895 10.421   0.7200
    15  40.854  7.263  7.263   0.5600
    16  36.996  9.368  8.842   0.4800
    17  36.498 10.421  9.895   0.5600
    18  34.039 12.000 12.000   0.0000
    19  36.133 10.947 11.474   0.7200
    20  37.020 11.474 10.947   0.1600
# exchange       26
     1  73.992  3.053  3.053   0.0000
     2  78.869  2.526  2.526   0.1538
     3  80.788  2.000  2.000   0.2308
     4  60.293  4.105  4.105   0.1538
     5  64.610  3.579  3.579   0.2308
     6  44.405  6.737  6.211   0.0769
     7  50.747  4.632  4.632   0.0769
     8  49.907  5.158  5.158   0.3846
     9  46.004  5.684  5.684   0.3077
    10  39.588  8.316  8.316   0.5385
    11  44.319  6.211  6.737   0.3846
    12  38.171  9.368  9.368   0.4615
    13  38.420  7.789  7.789   0.3846
    14  36.713 10.421 10.947   0.6154
    15  40.829  7.263  7.263   0.5385
    16  38.475  8.842  8.842   0.4615
    17  36.625  9.895  9.895   0.6923
    18  32.650 12.000 12.000   0.0000
    19  36.215 11.474 11.474   0.1538
    20  37.123 10.947 10.421   0.6923
# exchange       27
     1  70.134  3.053  3.053   0.0000
     2  74.600  2.526  2.526   0.1481
     3  84.675  2.000  2.000   0.2222
     4  58.060  4.105  4.105   0.1481
     5  63.556  3.579  3.579   0.2222
     6  47.322  6.211  5.684   0.3704
     7  51.470  4.632  4.632   0.0741
     8  48.327  5.158  5.158   0.3704
     9  46.206  5.684  6.211   0.3704
    10  40.006  8.316  7.789   0.5185
    11  42.969  6.737  6.737   0.0741
    12  38.290  9.368  8.842   0.4444
    13  41.024  7.789  8.316   0.4444
    14  35.939 10.947 11.474   0.7407
    15  41.212  7.263  7.263   0.5185
    16  37.224  8.842  9.368   0.5185
    17  37.028  9.895  9.895   0.6667
    18  34.381 12.000 12.000   0.0000
    19  36.437 11.474 10.947   0.1481
    20  35.881 10.421 10.421   0.5926
# exchange       28
     1  70.627  3.053  3.053   0.0000
     2  80.768  2.526  2.526   0.1429
     3  84.364  2.000  2.000   0.2143
     4  59.729  4.105  4.105   0.1429
     5  59.371  3.579  3.579   0.2143
     6  46.190  5.684  5.684   0.3571
     7  50.355  4.632  4.632   0.0714
     8  50.597  5.158  5.158   0.3571
     9  43.284  6.211  6.737   0.4286
    10  39.404  7.789  7.789   0.4286
    11  43.021  6.737  6.211   0.0714
    12  38.642  8.842  8.316   0.5000
    13  38.191  8.316  8.842   0.5714
    14  35.719 11.474 12.000   0.2143
    15  41.521  7.263  7.263   0.5000
    16  37.132  9.368  9.895   0.5000
    17  37.110  9.895  9.368   0.6429
    18  34.340 12.000 11.474   0.0000
    19  36.384 10.947 10.947   0.7143
    20  36.570 10.421 10.421   0.5714
# exchange       29
     1  73.213  3.053  3.053   0.0000
     2  81.700  2.526  2.526   0.1379
     3  79.470  2.000  2.000   0.2069
     4  57.476  4.105  4.105   0.1379
     5  61.438  3.579  3.579   0.2069
     6  46.707  5.684  5.684   0.3448
     7  49.429  4.632  4.632   0.0690
     8  48.557  5.158  5.158   0.3448
     9  43.714  6.737  6.737   0.0690
    10  39.776  7.789  7.789   0.4138
    11  43.247  6.211  6.211   0.4138
    12  39.012  8.316  8.316   0.5517
    13  38.368  8.842  9.368   0.5517
    14  36.450 12.000 12.000   0.0000
    15  41.506  7.263  7.263   0.4828
    16  37.450  9.895 10.421   0.6897
    17  37.786  9.368  8.842   0.4828
    18  34.386 11.474 11.474   0.2069
    19  36.002 10.947 10.947   0.6897
    20  37.726 10.421  9.895   0.5517
# exchange       30
     1  70.823  3.053  3.053   0.0000
     2  76.989  2.526  2.526   0.1333
     3  82.783  2.000  2.000   0.2000
     4  59.108  4.105  4.105   0.1333
     5  62.103  3.579  3.579   0.2000
     6  46.588  5.684  5.684   0.3333
     7  54.643  4.632  4.632   0.0667
     8  49.011  5.158  5.158   0.3333
     9  45.384  6.737  6.211   0.0667
    10  39.535  7.789  7.789   0.4000
    11  44.193  6.211  6.737   0.4667
    12  38.785  8.316  8.842   0.6000
    13  37.687  9.368  9.895   0.5333
    14  36.470 12.000 11.474   0.0000
    15  40.374  7.263  7.263   0.4667
    16  36.586 10.421 10.947   0.6000
    17  38.835  8.842  8.316   0.5333
    18  35.015 11.474 12.000   0.2667
    19  36.545 10.947 10.421   0.6667
    20  36.700  9.895  9.368   0.6667
# exchange       31
     1  67.957  3.053  3.053   0.0000
     2  74.435  2.526  2.526   0.1290
     3  83.468  2.000  2.000   0.1935
     4  60.063  4.105  4.105   0.1290
     5  62.006  3.579  3.579   0.1935
     6  47.148  5.684  5.684   0.3226
     7  54.226  4.632  4.632   0.0645
     8  48.921  5.158  5.158   0.3226
     9  42.535  6.211  6.211   0.4516
    10  38.975  7.789  7.789   0.3871
    11  44.227  6.737  6.737   0.0645
    12  37.892  8.842  9.368   0.5806
    13  37.658  9.895  9.895   0.6452
    14  36.415 11.474 10.947   0.2581
    15  41.181  7.263  7.263   0.4516
    16  37.010 10.947 11.474   0.7097
    17  38.357  8.316  8.316   0.5806
    18  34.157 12.000 12.000   0.0000
    19  36.039 10.421 10.421   0.5806
    20  37.503  9.368  8.842   0.5161
# exchange       32
     1  68.533  3.053  3.053   0.0000
     2  77.536  2.526  2.526   0.1250
     3  84.506  2.000  2.000   0.1875
     4  57.615  4.105  4.105   0.1250
     5  65.563  3.579  3.579   0.1875
     6  48.095  5.684  5.158   0.3125
     7  52.186  4.632  4.632   0.0625
     8  47.402  5.158  5.684   0.3750
     9  44.775  6.211  6.211   0.4375
    10  40.385  7.789  7.789   0.3750
    11  40.760  6.737  6.737   0.0625
    12  37.751  9.368  9.895   0.5625
    13  37.829  9.895  9.368   0.6250
    14  34.949 10.947 10.947   0.6875
    15  41.726  7.263  7.263   0.4375
    16  36.732 11.474 11.474   0.2500
    17  37.494  8.316  8.842   0.6250
    18  33.522 12.000 12.000   0.0000
    19  36.074 10.421 10.421   0.5625
    20  37.922  8.842  8.316   0.5625
# exchange       33
     1  64.176  3.053  3.053   0.0000
     2  72.957  2.526  2.526   0.1212
     3  85.568  2.000  2.000   0.1818
     4  55.250  4.105  4.105   0.1212
     5  63.667  3.579  3.579   0.1818
     6  49.008  5.158  5.158   0.3636
     7  55.708  4.632  4.632   0.0606
     8  46.280  5.684  6.211   0.3636
     9  44.452  6.211  5.684   0.4242
    10  39.922  7.789  7.789   0.3636
    11  41.284  6.737  6.737   0.0606
    12  38.232  9.895  9.895   0.6061
    13  38.393  9.368  8.842   0.5455
    14  35.777 10.947 11.474   0.7273
    15  40.130  7.263  7.263   0.4242
    16  36.412 11.474 10.947   0.2424
    17  36.911  8.842  9.368   0.6061
    18  32.071 12.000 12.000   0.0000
    19  35.686 10.421 10.421   0.5455
    20  38.567  8.316  8.316   0.6061
# exchange       34
     1  72.057  3.053  3.053   0.0000
     2  79.858  2.526  2.526   0.1176
     3  83.502  2.000  2.000   0.1765
     4  56.840  4.105  4.105   0.1176
     5  63.855  3.579  3.579   0.1765
     6  47.014  5.158  5.158   0.3529
     7  55.152  4.632  4.632   0.0588
     8  44.009  6.211  6.737   0.4706
     9  46.470  5.684  5.684   0.3529
    10  40.375  7.789  7.263   0.3529
    11  43.007  6.737  6.211   0.0588
    12  37.843  9.895  9.368   0.5882
    13  38.522  8.842  8.316   0.5882
    14  35.770 11.474 11.474   0.2353
    15  39.671  7.263  7.789   0.4706
    16  36.456 10.947 10.421   0.7059
    17  37.768  9.368  9.895   0.5882
    18  34.061 12.000 12.000   0.0000
    19  35.824 10.421 10.947   0.5882
    20  37.353  8.316  8.842   0.6471
# exchange       35
     1  66.393  3.053  3.053   0.0000
     2  77.224  2.526  2.526   0.1143
     3  87.373  2.000  2.000   0.1714
     4  59.704  4.105  4.105   0.1143
     5  62.904  3.579  3.579   0.1714
     6  49.037  5.158  5.158   0.3429
     7  53.985  4.632  4.632   0.0571
     8  45.303  6.737  6.737   0.0571
     9  46.276  5.684  5.684   0.3429
    10  40.252  7.263  7.263   0.4571
    11  44.468  6.211  6.211   0.4571
    12  37.573  9.368  8.842   0.5714
    13  38.594  8.316  7.789   0.6286
    14  34.671 11.474 10.947   0.2286
    15  38.236  7.789  8.316   0.4000
    16  36.863 10.421  9.895   0.5714
    17  36.789  9.895 10.421   0.6286
    18  35.368 12.000 12.000   0.0000
    19  35.159 10.947 11.474   0.7429
    20  36.829  8.842  9.368   0.6286
# exchange       36
     1  71.600  3.053  3.053   0.0000
     2  77.220  2.526  2.526   0.1111
     3  85.155  2.000  2.000   0.1667
     4  61.146  4.105  4.105   0.1111
     5  64.247  3.579  3.579   0.1667
     6  48.829  5.158  5.158   0.3333
     7  53.934  4.632  4.632   0.0556
     8  44.498  6.737  6.211   0.0556
     9  44.294  5.684  5.684   0.3333
    10  41.937  7.263  7.263   0.4444
    11  43.835  6.211  6.737   0.5000
    12  38.076  8.842  8.842   0.6111
    13  38.890  7.789  7.789   0.3889
    14  35.355 10.947 10.421   0.7222
    15  39.364  8.316  8.316   0.6111
    16  37.834  9.895  9.368   0.6111
    17  35.982 10.421 10.947   0.6111
    18  33.895 12.000 12.000   0.0000
    19  34.952 11.474 11.474   0.2222
    20  37.786  9.368  9.895   0.6111
# exchange       37
     1  67.603  3.053  3.053   0.0000
     2  79.378  2.526  2.526   0.1081
     3  82.584  2.000  2.000   0.1622
     4  58.758  4.105  4.105   0.1081
     5  60.843  3.579  3.579   0.1622
     6  47.312  5.158  5.158   0.3243
     7  53.347  4.632  4.632   0.0541
     8  44.318  6.211  6.211   0.4865
     9  47.087  5.684  5.684   0.3243
    10  40.903  7.263  7.263   0.4324
    11  42.787  6.737  6.737   0.0541
    12  38.670  8.842  8.842   0.5946
    13  38.346  7.789  8.316   0.4324
    14  35.796 10.421 10.421   0.5946
    15  38.034  8.316  7.789   0.5946
    16  37.310  9.368  9.368   0.5946
    17  37.068 10.947 10.947   0.7027
    18  33.261 12.000 12.000   0.0000
    19  33.920 11.474 11.474   0.2162
    20  36.660  9.895  9.895   0.5946
# exchange       38
     1  73.445  3.053  3.053   0.0000
     2  81.056  2.526  2.526   0.1053
     3  85.484  2.000  2.000   0.1579
     4  60.013  4.105  4.105   0.1053
     5  59.929  3.579  3.579   0.1579
     6  48.727  5.158  5.684   0.3684
     7  54.530  4.632  4.632   0.0526
     8  44.184  6.211  6.211   0.4737
     9  48.456  5.684  5.158   0.3158
    10  40.421  7.263  7.789   0.4737
    11  43.089  6.737  6.737   0.0526
    12  38.291  8.842  8.316   0.5789
    13  38.486  8.316  8.842   0.6316
    14  35.625 10.421 10.947   0.6316
    15  39.351  7.789  7.263   0.4211
    16  36.712  9.368  9.895   0.6316
    17  36.024 10.947 10.421   0.6842
    18  32.105 12.000 12.000   0.0000
    19  34.196 11.474 11.474   0.2105
    20  37.323  9.895  9.368   0.5789
# exchange       39
     1  67.750  3.053  3.053   0.0000
     2  80.047  2.526  2.526   0.1026
     3  81.378  2.000  2.000   0.1538
     4  55.536  4.105  4.105   0.1026
     5  64.293  3.579  3.579   0.1538
     6  49.432  5.684  5.684   0.3077
     7  58.575  4.632  4.632   0.0513
     8  47.370  6.211  6.211   0.4615
     9  53.346  5.158  5.158   0.3590
    10  40.351  7.789  8.316   0.4615
    11  41.570  6.737  6.737   0.0513
    12  38.438  8.316  7.789   0.6154
    13  39.030  8.842  8.842   0.5641
    14  36.847 10.947 11.474   0.7179
    15  40.298  7.263  7.263   0.4615
    16  36.394  9.895 10.421   0.6154
    17  37.267 10.421  9.895   0.6154
    18  33.755 12.000 12.000   0.0000
    19  34.743 11.474 10.947   0.2051
    20  37.300  9.368  9.368   0.6154
# exchange       40
     1  70.383  3.053  3.053   0.0000
     2  79.948  2.526  2.526   0.1000
     3  84.406  2.000  2.000   0.1500
     4  58.278  4.105  4.105   0.1000
     5  66.061  3.579  3.579   0.1500
     6  48.869  5.684  5.684   0.3000
     7  53.290  4.632  4.632   0.0500
     8  46.533  6.211  6.211   0.4500
     9  49.637  5.158  5.158   0.3500
    10  38.443  8.316  8.842   0.6500
    11  41.141  6.737  6.737   0.0500
    12  38.467  7.789  7.789   0.4500
    13  39.186  8.842  8.316   0.5500
    14  36.940 11.474 11.474   0.2000
    15  40.216  7.263  7.263   0.4500
    16  36.855 10.421 10.421   0.6000
    17  37.030  9.895  9.368   0.6000
    18  34.838 12.000 12.000   0.0000
    19  35.131 10.947 10.947   0.7000
    20  37.386  9.368  9.895   0.6500
# exchange       41
     1  68.587  3.053  3.053   0.0000
     2  81.326  2.526  2.526   0.0976
     3  84.254  2.000  2.000   0.1463
     4  58.952  4.105  4.105   0.0976
     5  65.479  3.579  3.579   0.1463
     6  46.456  5.684  5.684   0.2927
     7  50.885  4.632  5.158   0.0976
     8  45.176  6.211  6.211   0.4390
     9  48.693  5.158  4.632   0.3415
    10  37.546  8.842  9.368   0.5854
    11  43.915  6.737  6.737   0.0488
    12  39.963  7.789  7.789   0.4390
    13  38.783  8.316  8.316   0.6341
    14  36.102 11.474 10.947   0.1951
    15  39.761  7.263  7.263   0.4390
    16  36.152 10.421  9.895   0.5854
    17  38.420  9.368  8.842   0.6341
    18  34.553 12.000 12.000   0.0000
    19  35.801 10.947 11.474   0.7317
    20  36.654  9.895 10.421   0.6341
# exchange       42
     1  68.499  3.053  3.053   0.0000
     2  77.684  2.526  2.526   0.0952
     3  83.375  2.000  2.000   0.1429
     4  55.679  4.105  4.105   0.0952
     5  62.363  3.579  3.579   0.1429
     6  46.321  5.684  5.684   0.2857
     7  49.853  5.158  5.158   0.3333
     8  43.397  6.211  6.737   0.4762
     9  52.551  4.632  4.632   0.0952
    10  38.463  9.368  9.368   0.6190
    11  43.877  6.737  6.211   0.0476
    12  38.546  7.789  7.789   0.4286
    13  38.515  8.316  8.842   0.6667
    14  36.636 10.947 10.421   0.7143
    15  40.190  7.263  7.263   0.4286
    16  36.393  9.895  9.895   0.6190
    17  37.852  8.842  8.316   0.5714
    18  33.800 12.000 11.474   0.0000
    19  34.962 11.474 12.000   0.2381
    20  36.317 10.421 10.947   0.6190
# exchange       43
     1  71.558  3.053  3.053   0.0000
     2  80.661  2.526  2.526   0.0930
     3  82.815  2.000  2.000   0.1395
     4  55.496  4.105  4.105   0.0930
     5  63.027  3.579  3.579   0.1395
     6  48.453  5.684  5.684   0.2791
     7  51.021  5.158  5.158   0.3256
     8  43.408  6.737  6.737   0.0465
     9  51.182  4.632  4.632   0.0930
    10  38.136  9.368  8.842   0.6047
    11  45.751  6.211  6.211   0.4651
    12  39.043  7.789  7.789   0.4186
    13  38.634  8.842  9.368   0.6047
    14  37.213 10.421  9.895   0.6047
    15  40.057  7.263  7.263   0.4186
    16  35.494  9.895 10.421   0.6512
    17  38.401  8.316  8.316   0.6512
    18  33.319 11.474 11.474   0.2326
    19  35.421 12.000 12.000   0.0000
    20  36.665 10.947 10.947   0.6977
# exchange       44
     1  69.695  3.053  3.053   0.0000
     2  76.406  2.526  2.526   0.0909
     3  82.707  2.000  2.000   0.1364
     4  54.837  4.105  4.105   0.0909
     5  61.200  3.579  3.579   0.1364
     6  48.857  5.684  5.158   0.2727
     7  47.124  5.158  5.684   0.3636
     8  44.103  6.737  6.211   0.0455
     9  51.133  4.632  4.632   0.0909
    10  39.135  8.842  8.316   0.5909
    11  43.940  6.211  6.737   0.5000
    12  40.755  7.789  7.263   0.4091
    13  37.970  9.368  9.368   0.5909
    14  36.849  9.895  9.895   0.6364
    15  39.960  7.263  7.789   0.4545
    16  35.685 10.421 10.947   0.6364
    17  37.670  8.316  8.842   0.6818
    18  35.316 11.474 11.474   0.2273
    19  34.805 12.000 12.000   0.0000
    20  36.686 10.947 10.421   0.6818
# exchange       45
     1  71.835  3.053  3.053   0.0000
     2  78.972  2.526  2.526   0.0889
     3  82.400  2.000  2.000   0.1333
     4  52.234  4.105  4.105   0.0889
     5  59.853  3.579  3.579   0.1333
     6  48.356  5.158  5.158   0.3556
     7  47.446  5.684  5.684   0.2667
     8  45.529  6.211  6.211   0.4889
     9  52.705  4.632  4.632   0.0889
    10  38.149  8.316  7.789   0.6667
    11  41.276  6.737  6.737   0.0444
    12  40.810  7.263  7.263   0.4444
    13  38.206  9.368  8.842   0.5778
    14  37.231  9.895  9.895   0.6222
    15  38.910  7.789  8.316   0.4444
    16  35.654 10.947 11.474   0.7111
    17  36.734  8.842  9.368   0.6222
    18  35.267 11.474 10.947   0.2222
    19  34.530 12.000 12.000   0.0000
    20  36.812 10.421 10.421   0.6222
# exchange       46
     1  71.143  3.053  3.053   0.0000
     2  78.096  2.526  2.526   0.0870
     3  83.400  2.000  2.000   0.1304
     4  54.214  4.105  4.105   0.0870
     5  63.492  3.579  3.579   0.1304
     6  47.336  5.158  5.684   0.3913
     7  44.617  5.684  5.158   0.2609
     8  43.013  6.211  6.211   0.4783
     9  50.436  4.632  4.632   0.0870
    10  38.647  7.789  7.789   0.4348
    11  41.265  6.737  6.737   0.0435
    12  40.336  7.263  7.263   0.4348
    13  37.817  8.842  8.316   0.6087
    14  36.711  9.895  9.368   0.6087
    15  38.052  8.316  8.842   0.6957
    16  35.109 11.474 11.474   0.2174
    17  36.678  9.368  9.895   0.6087
    18  36.155 10.947 10.421   0.6957
    19  33.161 12.000 12.000   0.0000
    20  36.951 10.421 10.947   0.6522
# exchange       47
     1  71.974  3.053  3.053   0.0000
     2  79.453  2.526  2.526   0.0851
     3  84.149  2.000  2.000   0.1277
     4  58.323  4.105  4.105   0.0851
     5  63.012  3.579  3.579   0.1277
     6  47.970  5.684  5.684   0.2553
     7  48.137  5.158  5.158   0.3830
     8  43.812  6.211  6.211   0.4681
     9  53.771  4.632  4.632   0.0851
    10  40.285  7.789  7.789   0.4255
    11  44.629  6.737  6.737   0.0426
    12  42.869  7.263  7.263   0.4255
    13  38.116  8.316  8.316   0.6809
    14  36.710  9.368  9.368   0.5957
    15  38.386  8.842  8.842   0.5957
    16  35.690 11.474 11.474   0.2128
    17  36.330  9.895 10.421   0.6383
    18  36.594 10.421  9.895   0.6383
    19  32.157 12.000 12.000   0.0000
    20  36.597 10.947 10.947   0.6809
# exchange       48
     1  67.442  3.053  3.053   0.0000
     2  74.795  2.526  2.526   0.0833
     3  86.791  2.000  2.000   0.1250
     4  58.346  4.105  4.105   0.0833
     5  62.756  3.579  3.579   0.1250
     6  45.996  5.684  5.684   0.2500
     7  51.300  5.158  5.158   0.3750
     8  43.582  6.211  6.211   0.4583
     9  50.022  4.632  4.632   0.0833
    10  40.432  7.789  7.789   0.4167
    11  42.399  6.737  6.737   0.0417
    12  41.288  7.263  7.263   0.4167
    13  38.306  8.316  8.842   0.7083
    14  37.369  9.368  9.368   0.5833
    15  39.513  8.842  8.316   0.5833
    16  34.331 11.474 11.474   0.2083
    17  36.585 10.421 10.947   0.6667
    18  35.997  9.895  9.895   0.6250
    19  31.055 12.000 12.000   0.0000
    20  36.715 10.947 10.421   0.6667
# exchange       49
     1  70.646  3.053  3.053   0.0000
     2  77.770  2.526  2.526   0.0816
     3  85.888  2.000  2.000   0.1224
     4  60.672  4.105  4.105   0.0816
     5  61.441  3.579  3.579   0.1224
     6  46.307  5.684  5.684   0.2449
     7  50.160  5.158  5.158   0.3673
     8  42.806  6.211  6.211   0.4490
     9  50.711  4.632  4.632   0.0816
    10  40.567  7.789  8.316   0.4490
    11  41.545  6.737  7.263   0.0816
    12  41.507  7.263  6.737   0.4082
    13  38.569  8.842  9.368   0.6122
    14  37.260  9.368  8.842   0.5714
    15  39.478  8.316  7.789   0.6939
    16  35.107 11.474 11.474   0.2041
    17  36.727 10.947 10.947   0.6531
    18  36.074  9.895 10.421   0.6531
    19  33.759 12.000 12.000   0.0000
    20  36.652 10.421  9.895   0.6531
# exchange       50
     1  69.961  3.053  3.053   0.0000
     2  76.809  2.526  2.526   0.0800
     3  87.552  2.000  2.000   0.1200
     4  57.426  4.105  4.105   0.0800
     5  61.757  3.579  3.579   0.1200
     6  45.176  5.684  5.684   0.2400
     7  50.400  5.158  5.158   0.3600
     8  44.422  6.211  6.211   0.4400
     9  51.175  4.632  4.632   0.0800
    10  37.739  8.316  8.842   0.7200
    11  39.878  7.263  7.263   0.4000
    12  42.562  6.737  6.737   0.0800
    13  38.201  9.368  9.368   0.5600
    14  37.986  8.842  8.316   0.6000
    15  38.571  7.789  7.789   0.4400
    16  37.010 11.474 11.474   0.2000
    17  35.529 10.947 10.421   0.6400
    18  35.196 10.421 10.947   0.6800
    19  32.869 12.000 12.000   0.0000
    20  37.353  9.895  9.895   0.6400
# exchange       51
     1  69.090  3.053  3.053   0.0000
     2  78.481  2.526  2.526   0.0784
     3  86.719  2.000  2.000   0.1176
     4  55.789  4.105  4.105   0.0784
     5  63.029  3.579  3.579   0.1176
     6  47.669  5.684  5.684   0.2353
     7  48.726  5.158  4.632   0.3529
     8  42.620  6.211  6.211   0.4314
     9  48.906  4.632  5.158   0.1176
    10  37.776  8.842  9.368   0.6275
    11  41.216  7.263  6.737   0.3922
    12  40.784  6.737  7.263   0.1176
    13  37.503  9.368  8.842   0.5490
    14  38.106  8.316  8.316   0.7059
    15  40.622  7.789  7.789   0.4314
    16  36.151 11.474 10.947   0.1961
    17  37.637 10.421  9.895   0.6667
    18  35.687 10.947 11.474   0.6667
    19  33.629 12.000 12.000   0.0000
    20  36.825  9.895 10.421   0.6667
# exchange       52
     1  70.545  3.053  3.053   0.0000
     2  74.879  2.526  2.526   0.0769
     3  82.190  2.000  2.000   0.1154
     4  59.108  4.105  4.105   0.0769
     5  67.463  3.579  3.579   0.1154
     6  44.614  5.684  5.684   0.2308
     7  54.180  4.632  4.632   0.1154
     8  44.054  6.211  6.211   0.4231
     9  49.448  5.158  5.158   0.3462
    10  38.700  9.368  9.368   0.5385
    11  41.731  6.737  6.737   0.1154
    12  40.931  7.263  7.263   0.3846
    13  37.091  8.842  8.316   0.6154
    14  37.196  8.316  8.842   0.7308
    15  40.004  7.789  7.789   0.4231
    16  35.595 10.947 10.947   0.6538
    17  36.901  9.895  9.895   0.6538
    18  35.278 11.474 11.474   0.1923
    19  34.861 12.000 12.000   0.0000
    20  36.649 10.421 10.421   0.6538
# exchange       53
     1  66.998  3.053  3.053   0.0000
     2  77.278  2.526  2.526   0.0755
     3  83.743  2.000  2.000   0.1132
     4  56.829  4.105  4.105   0.0755
     5  64.234  3.579  3.579   0.1132
     6  46.149  5.684  5.684   0.2264
     7  53.048  4.632  4.632   0.1132
     8  44.891  6.211  6.211   0.4151
     9  49.604  5.158  5.158   0.3396
    10  38.645  9.368  8.842   0.5283
    11  42.357  6.737  6.737   0.1132
    12  41.710  7.263  7.263   0.3774
    13  39.925  8.316  7.789   0.7170
    14  37.629  8.842  9.368   0.6415
    15  40.351  7.789  8.316   0.4528
    16  36.646 10.947 10.947   0.6415
    17  36.603  9.895 10.421   0.6792
    18  34.772 11.474 11.474   0.1887
    19  35.182 12.000 12.000   0.0000
    20  36.719 10.421  9.895   0.6415
# exchange       54
     1  70.582  3.053  3.053   0.0000
     2  76.411  2.526  2.526   0.0741
     3  84.233  2.000  2.000   0.1111
     4  54.568  4.105  4.632   0.1111
     5  62.501  3.579  3.579   0.1111
     6  46.253  5.684  5.684   0.2222
     7  57.550  4.632  4.105   0.1111
     8  48.689  6.211  6.211   0.4074
     9  48.962  5.158  5.158   0.3333
    10  39.537  8.842  8.316   0.6296
    11  41.947  6.737  6.737   0.1111
    12  39.546  7.263  7.789   0.4074
    13  38.713  7.789  7.263   0.4444
    14  37.206  9.368  9.368   0.5185
    15  38.839  8.316  8.842   0.7407
    16  36.791 10.947 10.421   0.6296
    17  36.632 10.421 10.947   0.6667
    18  35.308 11.474 12.000   0.2222
    19  35.243 12.000 11.474   0.0000
    20  36.630  9.895  9.895   0.6667
# exchange       55
     1  70.114  3.053  3.053   0.0000
     2  73.513  2.526  2.526   0.0727
     3  86.198  2.000  2.000   0.1091
     4  54.244  4.632  4.632   0.1091
     5  67.359  3.579  3.579   0.1091
     6  47.133  5.684  6.211   0.2545
     7  54.968  4.105  4.105   0.1091
     8  47.096  6.211  5.684   0.4000
     9  48.977  5.158  5.158   0.3273
    10  38.926  8.316  8.316   0.7273
    11  43.646  6.737  6.737   0.1091
    12  40.453  7.789  7.789   0.4364
    13  39.184  7.263  7.263   0.4000
    14  36.886  9.368  9.368   0.5091
    15  37.676  8.842  8.842   0.6182
    16  35.774 10.421  9.895   0.6545
    17  35.839 10.947 11.474   0.6545
    18  33.103 12.000 12.000   0.0000
    19  34.963 11.474 10.947   0.2182
    20  37.159  9.895 10.421   0.6909
# exchange       56
     1  70.303  3.053  3.053   0.0000
     2  74.657  2.526  2.526   0.0714
     3  85.065  2.000  2.000   0.1071
     4  52.673  4.632  4.632   0.1071
     5  63.612  3.579  3.579   0.1071
     6  46.141  6.211  6.211   0.3929
     7  57.513  4.105  4.105   0.1071
     8  46.029  5.684  5.684   0.2500
     9  48.870  5.158  5.158   0.3214
    10  39.415  8.316  8.316   0.7143
    11  42.357  6.737  6.737   0.1071
    12  39.124  7.789  7.789   0.4286
    13  39.830  7.263  7.263   0.3929
    14  36.512  9.368  9.895   0.5357
    15  38.308  8.842  8.842   0.6071
    16  36.895  9.895  9.368   0.6786
    17  34.685 11.474 12.000   0.2500
    18  34.469 12.000 11.474   0.0000
    19  35.158 10.947 10.947   0.6429
    20  36.429 10.421 10.421   0.6429
# exchange       57
     1  71.747  3.053  3.053   0.0000
     2  77.350  2.526  2.526   0.0702
     3  86.451  2.000  2.000   0.1053
     4  53.186  4.632  4.632   0.1053
     5  64.775  3.579  3.579   0.1053
     6  46.867  6.211  6.211   0.3860
     7  52.064  4.105  4.105   0.1053
     8  49.391  5.684  5.684   0.2456
     9  48.830  5.158  5.158   0.3158
    10  39.783  8.316  8.316   0.7018
    11  41.682  6.737  7.263   0.1404
    12  41.220  7.789  7.789   0.4211
    13  41.481  7.263  6.737   0.3860
    14  36.638  9.895 10.421   0.7018
    15  38.126  8.842  9.368   0.6316
    16  37.715  9.368  8.842   0.5263
    17  36.593 12.000 12.000   0.0000
    18  34.548 11.474 10.947   0.2456
    19  34.972 10.947 11.474   0.6667
    20  36.773 10.421  9.895   0.6316
# exchange       58
     1  73.413  3.053  3.053   0.0000
     2  76.633  2.526  2.526   0.0690
     3  87.359  2.000  2.000   0.1034
     4  54.477  4.632  4.105   0.1034
     5  62.773  3.579  3.579   0.1034
     6  44.914  6.211  6.211   0.3793
     7  55.701  4.105  4.632   0.1379
     8  45.809  5.684  5.684   0.2414
     9  50.153  5.158  5.158   0.3103
    10  39.619  8.316  8.316   0.6897
    11  43.408  7.263  7.263   0.3793
    12  40.837  7.789  7.789   0.4138
    13  41.940  6.737  6.737   0.1379
    14  36.281 10.421 10.947   0.6552
    15  38.451  9.368  9.368   0.5172
    16  37.702  8.842  8.842   0.6207
    17  36.399 12.000 11.474   0.0000
    18  35.310 10.947 10.421   0.6552
    19  35.319 11.474 12.000   0.2759
    20  37.021  9.895  9.895   0.6897
# exchange       59
     1  75.136  3.053  3.053   0.0000
     2  77.955  2.526  2.526   0.0678
     3  85.650  2.000  2.000   0.1017
     4  55.161  4.105  4.105   0.1356
     5  60.011  3.579  3.579   0.1017
     6  43.983  6.211  6.211   0.3729
     7  55.168  4.632  4.632   0.1017
     8  48.964  5.684  5.684   0.2373
     9  50.587  5.158  5.158   0.3051
    10  37.795  8.316  8.316   0.6780
    11  39.898  7.263  7.263   0.3729
    12  40.281  7.789  7.789   0.4068
    13  43.099  6.737  6.737   0.1356
    14  36.593 10.947 10.947   0.6441
    15  38.382  9.368  8.842   0.5085
    16  37.211  8.842  9.368   0.6441
    17  36.241 11.474 11.474   0.2712
    18  35.899 10.421 10.421   0.6441
    19  34.112 12.000 12.000   0.0000
    20  37.583  9.895  9.895   0.6780
# exchange       60
     1  73.218  3.053  3.053   0.0000
     2  84.085  2.526  2.526   0.0667
     3  87.918  2.000  2.000   0.1000
     4  58.561  4.105  4.105   0.1333
     5  64.432  3.579  3.579   0.1000
     6  43.763  6.211  6.211   0.3667
     7  54.809  4.632  4.632   0.1000
     8  47.944  5.684  5.684   0.2333
     9  49.857  5.158  5.158   0.3000
    10  38.992  8.316  8.842   0.7000
    11  39.153  7.263  7.789   0.4000
    12  39.320  7.789  7.263   0.4000
    13  43.297  6.737  6.737   0.1333
    14  36.039 10.947 10.947   0.6333
    15  39.838  8.842  8.316   0.6333
    16  37.497  9.368  9.368   0.5000
    17  35.685 11.474 11.474   0.2667
    18  36.125 10.421 10.421   0.6333
    19  34.883 12.000 12.000   0.0000
    20  37.022  9.895  9.895   0.6667
# exchange       61
     1  72.033  3.053  3.053   0.0000
     2  82.385  2.526  2.526   0.0656
     3  85.535  2.000  2.000   0.0984
     4  57.757  4.105  4.105   0.1311
     5  63.770  3.579  3.579   0.0984
     6  45.283  6.211  5.684   0.3607
     7  52.467  4.632  4.632   0.0984
     8  45.643  5.684  6.211   0.2623
     9  50.723  5.158  5.158   0.2951
    10  38.624  8.842  9.368   0.6557
    11  40.421  7.789  7.789   0.3934
    12  40.445  7.263  7.263   0.3934
    13  42.404  6.737  6.737   0.1311
    14  36.674 10.947 10.947   0.6230
    15  38.419  8.316  8.316   0.6885
    16  38.030  9.368  8.842   0.4918
    17  35.586 11.474 11.474   0.2623
    18  34.706 10.421 10.421   0.6230
    19  34.026 12.000 12.000   0.0000
    20  36.798  9.895  9.895   0.6557
# exchange       62
     1  71.559  3.053  3.053   0.0000
     2  75.778  2.526  2.526   0.0645
     3  85.431  2.000  2.000   0.0968
     4  55.512  4.105  4.632   0.1613
     5  65.136  3.579  3.579   0.0968
     6  46.818  5.684  5.684   0.2581
     7  56.557  4.632  4.105   0.0968
     8  46.385  6.211  6.211   0.3548
     9  49.865  5.158  5.158   0.2903
    10  37.873  9.368  9.368   0.4839
    11  40.029  7.789  7.789   0.3871
    12  40.945  7.263  7.263   0.3871
    13  42.286  6.737  6.737   0.1290
    14  37.298 10.947 10.421   0.6129
    15  38.296  8.316  8.316   0.6774
    16  36.901  8.842  8.842   0.6452
    17  35.952 11.474 11.474   0.2581
    18  36.523 10.421 10.947   0.6452
    19  31.573 12.000 12.000   0.0000
    20  36.432  9.895  9.895   0.6452
# exchange       63
     1  71.729  3.053  3.053   0.0000
     2  79.135  2.526  2.526   0.0635
     3  85.701  2.000  2.000   0.0952
     4  50.481  4.632  5.158   0.1270
     5  64.879  3.579  3.579   0.0952
     6  48.509  5.684  5.684   0.2540
     7  57.514  4.105  4.105   0.1587
     8  46.759  6.211  6.211   0.3492
     9  50.362  5.158  4.632   0.2857
    10  38.026  9.368  8.842   0.4762
    11  37.935  7.789  8.316   0.4127
    12  41.468  7.263  6.737   0.3810
    13  42.297  6.737  7.263   0.1587
    14  36.674 10.421 10.421   0.6349
    15  37.879  8.316  7.789   0.6667
    16  37.553  8.842  9.368   0.6667
    17  36.198 11.474 10.947   0.2540
    18  35.617 10.947 11.474   0.6349
    19  34.639 12.000 12.000   0.0000
    20  37.008  9.895  9.895   0.6349
# exchange       64
     1  72.197  3.053  3.053   0.0000
     2  76.251  2.526  2.526   0.0625
     3  87.155  2.000  2.000   0.0938
     4  53.482  5.158  5.158   0.2812
     5  63.542  3.579  3.579   0.0938
     6  47.277  5.684  5.684   0.2500
     7  55.415  4.105  4.105   0.1562
     8  44.262  6.211  6.211   0.3438
     9  52.162  4.632  4.632   0.1250
    10  38.862  8.842  8.842   0.6562
    11  39.508  8.316  8.316   0.6562
    12  42.922  6.737  6.737   0.1562
    13  38.305  7.263  7.789   0.4062
    14  36.471 10.421 10.947   0.6562
    15  39.610  7.789  7.263   0.4062
    16  36.953  9.368  9.895   0.5000
    17  36.737 10.947 10.421   0.6250
    18  33.571 11.474 12.000   0.2812
    19  33.470 12.000 11.474   0.0000
    20  37.104  9.895  9.368   0.6250
# exchange       65
     1  66.746  3.053  3.053   0.0000
     2  74.814  2.526  2.526   0.0615
     3  85.905  2.000  2.000   0.0923
     4  48.852  5.158  5.158   0.2769
     5  64.303  3.579  3.579   0.0923
     6  47.919  5.684  5.684   0.2462
     7  56.324  4.105  4.105   0.1538
     8  44.168  6.211  6.211   0.3385
     9  51.988  4.632  4.632   0.1231
    10  38.710  8.842  8.842   0.6462
    11  39.125  8.316  7.789   0.6462
    12  41.412  6.737  6.737   0.1538
    13  37.440  7.789  8.316   0.4308
    14  35.599 10.947 11.474   0.6462
    15  39.930  7.263  7.263   0.4000
    16  37.158  9.895  9.895   0.6154
    17  36.408 10.421 10.421   0.6462
    18  32.770 12.000 12.000   0.0000
    19  35.601 11.474 10.947   0.2769
    20  36.843  9.368  9.368   0.4923
# exchange       66
     1  68.252  3.053  3.053   0.0000
     2  76.889  2.526  2.526   0.0606
     3  85.869  2.000  2.000   0.0909
     4  50.980  5.158  5.158   0.2727
     5  64.928  3.579  3.579   0.0909
     6  46.086  5.684  5.684   0.2424
     7  56.994  4.105  4.105   0.1515
     8  44.022  6.211  6.211   0.3333
     9  51.930  4.632  4.632   0.1212
    10  39.660  8.842  8.316   0.6364
    11  37.901  7.789  7.789   0.4242
    12  42.090  6.737  6.737   0.1515
    13  38.203  8.316  8.842   0.6667
    14  35.294 11.474 11.474   0.2727
    15  39.989  7.263  7.263   0.3939
    16  37.381  9.895  9.368   0.6061
    17  36.388 10.421 10.947   0.6667
    18  31.840 12.000 12.000   0.0000
    19  35.871 10.947 10.421   0.6364
    20  37.532  9.368  9.895   0.5152
# exchange       67
     1  71.482  3.053  3.053   0.0000
     2  72.976  2.526  2.526   0.0597
     3  85.460  2.000  2.000   0.0896
     4  48.797  5.158  5.158   0.2687
     5  65.506  3.579  3.579   0.0896
     6  48.102  5.684  5.684   0.2388
     7  60.016  4.105  4.105   0.1493
     8  46.531  6.211  6.211   0.3284
     9  51.157  4.632  4.632   0.1194
    10  40.434  8.316  7.789   0.6567
    11  39.305  7.789  8.316   0.4478
    12  42.046  6.737  6.737   0.1493
    13  37.359  8.842  9.368   0.6567
    14  36.288 11.474 10.947   0.2687
    15  39.134  7.263  7.263   0.3881
    16  36.716  9.368  8.842   0.5075
    17  35.722 10.947 11.474   0.6567
    18  35.333 12.000 12.000   0.0000
    19  35.226 10.421 10.421   0.6567
    20  37.058  9.895  9.895   0.5970
# exchange       68
     1  72.494  3.053  3.053   0.0000
     2  79.282  2.526  2.526   0.0588
     3  82.898  2.000  2.000   0.0882
     4  50.281  5.158  5.158   0.2647
     5  62.888  3.579  3.579   0.0882
     6  49.699  5.684  5.684   0.2353
     7  58.756  4.105  4.105   0.1471
     8  45.001  6.211  6.211   0.3235
     9  53.671  4.632  4.632   0.1176
    10  41.650  7.789  7.263   0.4412
    11  38.164  8.316  8.316   0.6471
    12  43.272  6.737  6.737   0.1471
    13  37.044  9.368  9.895   0.5294
    14  35.760 10.947 10.421   0.6471
    15  39.901  7.263  7.789   0.4118
    16  37.211  8.842  8.842   0.6471
    17  34.691 11.474 12.000   0.2941
    18  35.641 12.000 11.474   0.0000
    19  35.739 10.421 10.947   0.6765
    20  37.646  9.895  9.368   0.5882
# exchange       69
     1  68.561  3.053  3.053   0.0000
     2  79.199  2.526  2.526   0.0580
     3  83.898  2.000  2.000   0.0870
     4  50.020  5.158  4.632   0.2609
     5  65.281  3.579  3.579   0.0870
     6  46.520  5.684  5.684   0.2319
     7  53.542  4.105  4.105   0.1449
     8  42.491  6.211  6.211   0.3188
     9  50.200  4.632  5.158   0.1449
    10  41.798  7.263  7.263   0.4058
