-I: Adding /cm/shared/apps/amber18/dat/leap/prep to search path.
-I: Adding /cm/shared/apps/amber18/dat/leap/lib to search path.
-I: Adding /cm/shared/apps/amber18/dat/leap/parm to search path.
-I: Adding /cm/shared/apps/amber18/dat/leap/cmd to search path.
-f: Source tleap.WT.alt.allAtom.in.

Welcome to LEaP!
(no leaprc in search path)
Sourcing: ./tleap.WT.alt.allAtom.in
----- Source: /cm/shared/apps/amber18/dat/leap/cmd/oldff/leaprc.ff14SB
----- Source of /cm/shared/apps/amber18/dat/leap/cmd/oldff/leaprc.ff14SB done
Log file: ./leap.log
Loading parameters: /cm/shared/apps/amber18/dat/leap/parm/parm10.dat
Reading title:
PARM99 + frcmod.ff99SB + frcmod.parmbsc0 + OL3 for RNA
Loading parameters: /cm/shared/apps/amber18/dat/leap/parm/frcmod.ff14SB
Reading force field modification type file (frcmod)
Reading title:
ff14SB protein backbone and sidechain parameters
Loading library: /cm/shared/apps/amber18/dat/leap/lib/amino12.lib
Loading library: /cm/shared/apps/amber18/dat/leap/lib/aminoct12.lib
Loading library: /cm/shared/apps/amber18/dat/leap/lib/aminont12.lib
Loading library: /cm/shared/apps/amber18/dat/leap/lib/nucleic12.lib
Loading library: /cm/shared/apps/amber18/dat/leap/lib/atomic_ions.lib
Loading library: /cm/shared/apps/amber18/dat/leap/lib/solvents.lib
----- Source: /cm/shared/apps/amber18/dat/leap/cmd/leaprc.water.tip3p
----- Source of /cm/shared/apps/amber18/dat/leap/cmd/leaprc.water.tip3p done
Loading library: /cm/shared/apps/amber18/dat/leap/lib/atomic_ions.lib
Loading library: /cm/shared/apps/amber18/dat/leap/lib/solvents.lib
Loading parameters: /cm/shared/apps/amber18/dat/leap/parm/frcmod.tip3p
Reading force field modification type file (frcmod)
Reading title:
This is the additional/replacement parameter set for TIP3P water
Loading parameters: /cm/shared/apps/amber18/dat/leap/parm/frcmod.ionsjc_tip3p
Reading force field modification type file (frcmod)
Reading title:
Monovalent ion parameters for Ewald and TIP3P water from Joung & Cheatham JPCB (2008)
Loading parameters: /cm/shared/apps/amber18/dat/leap/parm/frcmod.ions234lm_126_tip3p
Reading force field modification type file (frcmod)
Reading title:
Li/Merz ion parameters of divalent to tetravalent ions for TIP3P water model (12-6 normal usage set)
Loading PDB file: ./WT.alt.allAtom.fixed.pdb
  total atoms in file: 49214
  Leap added 94458 missing atoms according to residue templates:
       94458 H / lone pairs
Box dimensions:  116.334188 115.976627 115.067000
Checking Unit.
Building topology.
Building atom parameters.
Building bond parameters.
Building angle parameters.
Building proper torsion parameters.
Building improper torsion parameters.
 total 1366 improper torsions applied
Building H-Bond parameters.
Incorporating Non-Bonded adjustments.
Not Marking per-residue atom chain types.
Marking per-residue atom chain types.
  (Residues lacking connect0/connect1 - 
   these don't have chain types marked:

	res	total affected

	CASP	1
	CGLU	1
	NGLY	1
	NTHR	1
	WAT	45513
  )
 (no restraints)
	Quit

Exiting LEaP: Errors = 0; Warnings = 0; Notes = 0.
